{"level":"info","message":"Connected to database successfully","timestamp":"2025-02-07T23:27:20.900Z"}
{"level":"info","message":"Server running on port 5000","timestamp":"2025-02-07T23:27:20.905Z"}
{"level":"info","message":"API Documentation available at http://localhost:5000/docs","timestamp":"2025-02-07T23:27:20.905Z"}
{"level":"info","message":"📡 Connecting to database...","timestamp":"2025-02-07T23:36:41.807Z"}
{"level":"info","message":"Connected to database successfully","timestamp":"2025-02-07T23:36:41.851Z"}
{"level":"info","message":"✅ Database connected successfully","timestamp":"2025-02-07T23:36:41.852Z"}
{"level":"info","message":"\n📥 Received SIGINT. Starting graceful shutdown...","timestamp":"2025-02-07T23:36:57.322Z"}
{"level":"info","message":"📡 Connecting to database...","timestamp":"2025-02-07T23:37:07.928Z"}
{"level":"info","message":"Connected to database successfully","timestamp":"2025-02-07T23:37:07.970Z"}
{"level":"info","message":"✅ Database connected successfully","timestamp":"2025-02-07T23:37:07.971Z"}
{"level":"info","message":"📡 Connecting to database...","timestamp":"2025-02-07T23:42:54.419Z"}
{"level":"info","message":"Connected to database successfully","timestamp":"2025-02-07T23:42:54.467Z"}
{"level":"info","message":"✅ Database connected successfully","timestamp":"2025-02-07T23:42:54.468Z"}
{"level":"info","message":"📡 Connecting to database...","timestamp":"2025-02-07T23:43:26.529Z"}
{"level":"info","message":"Connected to database successfully","timestamp":"2025-02-07T23:43:26.571Z"}
{"level":"info","message":"✅ Database connected successfully","timestamp":"2025-02-07T23:43:26.571Z"}
{"level":"info","message":"📡 Connecting to database...","timestamp":"2025-02-07T23:43:57.891Z"}
{"level":"info","message":"Connected to database successfully","timestamp":"2025-02-07T23:43:57.934Z"}
{"level":"info","message":"✅ Database connected successfully","timestamp":"2025-02-07T23:43:57.934Z"}
{"level":"info","message":"📡 Connecting to database...","timestamp":"2025-02-07T23:44:18.243Z"}
{"level":"info","message":"Connected to database successfully","timestamp":"2025-02-07T23:44:18.286Z"}
{"level":"info","message":"✅ Database connected successfully","timestamp":"2025-02-07T23:44:18.287Z"}
{"level":"info","message":"📡 Connecting to database...","timestamp":"2025-02-07T23:46:21.245Z"}
{"level":"info","message":"Connected to database successfully","timestamp":"2025-02-07T23:46:21.286Z"}
{"level":"info","message":"✅ Database connected successfully","timestamp":"2025-02-07T23:46:21.287Z"}
{"level":"info","message":"📡 Connecting to database...","timestamp":"2025-02-07T23:49:53.680Z"}
{"level":"info","message":"Connected to database successfully","timestamp":"2025-02-07T23:49:53.723Z"}
{"level":"info","message":"✅ Database connected successfully","timestamp":"2025-02-07T23:49:53.724Z"}
{"level":"info","message":"\n📥 Received SIGINT. Starting graceful shutdown...","timestamp":"2025-02-07T23:52:00.089Z"}
{"level":"info","message":"📤 Closing database connection...","timestamp":"2025-02-07T23:52:00.089Z"}
{"level":"info","message":"📡 Connecting to database...","timestamp":"2025-02-07T23:52:13.784Z"}
{"level":"info","message":"Connected to database successfully","timestamp":"2025-02-07T23:52:13.826Z"}
{"level":"info","message":"✅ Database connected successfully","timestamp":"2025-02-07T23:52:13.827Z"}
{"level":"info","message":"\n📥 Received SIGINT. Starting graceful shutdown...","timestamp":"2025-02-07T23:55:58.620Z"}
{"level":"info","message":"📡 Connecting to database...","timestamp":"2025-02-08T00:02:46.649Z"}
{"level":"info","message":"Connected to database successfully","timestamp":"2025-02-08T00:02:46.690Z"}
{"level":"info","message":"✅ Database connected successfully","timestamp":"2025-02-08T00:02:46.691Z"}
{"level":"info","message":"\n📥 Received SIGINT. Starting graceful shutdown...","timestamp":"2025-02-08T00:02:49.798Z"}
{"level":"info","message":"📡 Connecting to database...","timestamp":"2025-02-08T00:22:16.414Z"}
{"level":"info","message":"Connected to database successfully","timestamp":"2025-02-08T00:22:16.492Z"}
{"level":"info","message":"✅ Database connected successfully","timestamp":"2025-02-08T00:22:16.493Z"}
{"level":"info","message":"📡 Connecting to database...","timestamp":"2025-02-08T00:30:56.813Z"}
{"level":"info","message":"Connected to database successfully","timestamp":"2025-02-08T00:30:56.857Z"}
{"level":"info","message":"✅ Database connected successfully","timestamp":"2025-02-08T00:30:56.858Z"}
{"level":"info","message":"📡 Connecting to database...","timestamp":"2025-02-08T00:32:11.494Z"}
{"level":"info","message":"Connected to database successfully","timestamp":"2025-02-08T00:32:11.538Z"}
{"level":"info","message":"✅ Database connected successfully","timestamp":"2025-02-08T00:32:11.538Z"}
{"level":"info","message":"📡 Connecting to database...","timestamp":"2025-02-08T00:32:58.732Z"}
{"level":"info","message":"Connected to database successfully","timestamp":"2025-02-08T00:32:58.774Z"}
{"level":"info","message":"✅ Database connected successfully","timestamp":"2025-02-08T00:32:58.774Z"}
{"level":"info","message":"📡 Connecting to database...","timestamp":"2025-02-08T00:36:05.045Z"}
{"level":"info","message":"Connected to database successfully","timestamp":"2025-02-08T00:36:05.084Z"}
{"level":"info","message":"✅ Database connected successfully","timestamp":"2025-02-08T00:36:05.084Z"}
{"level":"info","message":"Registration attempt for email: user@example.com","timestamp":"2025-02-08T00:37:20.303Z"}
{"level":"error","message":"Registration error: Password must contain at least one uppercase letter","timestamp":"2025-02-08T00:37:20.304Z"}
{"level":"error","message":"API Error: Password must contain at least one uppercase letter","timestamp":"2025-02-08T00:37:20.305Z"}
{"level":"info","message":"Registration attempt for email: user@example.com","timestamp":"2025-02-08T00:37:35.682Z"}
{"level":"error","message":"Registration error: Password must contain at least one special character (!@#$%^&*)","timestamp":"2025-02-08T00:37:35.683Z"}
{"level":"error","message":"API Error: Password must contain at least one special character (!@#$%^&*)","timestamp":"2025-02-08T00:37:35.684Z"}
{"level":"info","message":"Registration attempt for email: user@example.com","timestamp":"2025-02-08T00:37:47.494Z"}
{"level":"info","message":"New user registered: user@example.com","timestamp":"2025-02-08T00:37:47.634Z"}
{"level":"info","message":"User registered successfully: user@example.com","timestamp":"2025-02-08T00:37:47.636Z"}
{"level":"info","message":"Registration attempt for email: user@example.com","timestamp":"2025-02-08T00:38:02.850Z"}
{"level":"warn","message":"Registration failed - Email already exists: user@example.com","timestamp":"2025-02-08T00:38:02.952Z"}
{"level":"error","message":"Internal Error: Expected double-quoted property name in JSON at position 64","timestamp":"2025-02-08T00:39:10.012Z"}
{"level":"error","message":"Internal Error: Expected double-quoted property name in JSON at position 63","timestamp":"2025-02-08T00:39:28.140Z"}
{"level":"info","message":"\n📥 Received SIGINT. Starting graceful shutdown...","timestamp":"2025-02-08T00:40:17.534Z"}
{"level":"info","message":"📡 Connecting to database...","timestamp":"2025-02-08T00:40:27.668Z"}
{"level":"info","message":"Connected to database successfully","timestamp":"2025-02-08T00:40:27.708Z"}
{"level":"info","message":"✅ Database connected successfully","timestamp":"2025-02-08T00:40:27.708Z"}
{"level":"error","message":"Internal Error: Expected double-quoted property name in JSON at position 63","timestamp":"2025-02-08T00:40:35.845Z"}
{"level":"info","message":"📡 Connecting to database...","timestamp":"2025-02-08T00:45:34.727Z"}
{"level":"info","message":"Connected to database successfully","timestamp":"2025-02-08T00:45:34.772Z"}
{"level":"info","message":"✅ Database connected successfully","timestamp":"2025-02-08T00:45:34.772Z"}
{"level":"info","message":"📡 Connecting to database...","timestamp":"2025-02-08T00:47:35.785Z"}
{"level":"info","message":"Connected to database successfully","timestamp":"2025-02-08T00:47:35.830Z"}
{"level":"info","message":"✅ Database connected successfully","timestamp":"2025-02-08T00:47:35.830Z"}
{"level":"info","message":"📡 Connecting to database...","timestamp":"2025-02-08T00:48:37.636Z"}
{"level":"info","message":"Connected to database successfully","timestamp":"2025-02-08T00:48:37.677Z"}
{"level":"info","message":"✅ Database connected successfully","timestamp":"2025-02-08T00:48:37.678Z"}
{"level":"info","message":"\n📥 Received SIGINT. Starting graceful shutdown...","timestamp":"2025-02-08T00:48:49.150Z"}
{"level":"info","message":"📡 Connecting to database...","timestamp":"2025-02-08T00:48:58.297Z"}
{"level":"info","message":"Connected to database successfully","timestamp":"2025-02-08T00:48:58.335Z"}
{"level":"info","message":"✅ Database connected successfully","timestamp":"2025-02-08T00:48:58.336Z"}
{"body":{"data":[123,10,32,32,34,101,109,97,105,108,34,58,32,34,117,115,101,114,64,101,120,97,109,112,108,101,46,99,111,109,34,44,10,32,32,34,112,97,115,115,119,111,114,100,34,58,32,34,80,97,115,115,119,111,114,100,64,49,50,51,34,44,10,125],"type":"Buffer"},"expose":true,"level":"error","message":"Error processing POST /api/auth/login: Expected double-quoted property name in JSON at position 63","stack":"SyntaxError: Expected double-quoted property name in JSON at position 63\n    at JSON.parse (<anonymous>)\n    at verify (D:\\my projects\\JAVASCRIPT_COURSE\\TYPESCRIPT_WITH_BACK\\ecommerce-backend\\src\\app.ts:31:14)\n    at D:\\my projects\\JAVASCRIPT_COURSE\\TYPESCRIPT_WITH_BACK\\ecommerce-backend\\node_modules\\body-parser\\lib\\read.js:111:9\n    at AsyncResource.runInAsyncScope (node:async_hooks:206:9)\n    at invokeCallback (D:\\my projects\\JAVASCRIPT_COURSE\\TYPESCRIPT_WITH_BACK\\ecommerce-backend\\node_modules\\raw-body\\index.js:238:16)\n    at done (D:\\my projects\\JAVASCRIPT_COURSE\\TYPESCRIPT_WITH_BACK\\ecommerce-backend\\node_modules\\raw-body\\index.js:227:7)\n    at IncomingMessage.onEnd (D:\\my projects\\JAVASCRIPT_COURSE\\TYPESCRIPT_WITH_BACK\\ecommerce-backend\\node_modules\\raw-body\\index.js:287:7)\n    at IncomingMessage.emit (node:events:518:28)\n    at endReadableNT (node:internal/streams/readable:1696:12)\n    at processTicksAndRejections (node:internal/process/task_queues:82:21)","status":403,"statusCode":403,"timestamp":"2025-02-08T00:49:10.124Z","type":"entity.verify.failed"}
{"level":"info","message":"📡 Connecting to database...","timestamp":"2025-02-08T00:51:23.126Z"}
{"level":"info","message":"Connected to database successfully","timestamp":"2025-02-08T00:51:23.179Z"}
{"level":"info","message":"✅ Database connected successfully","timestamp":"2025-02-08T00:51:23.179Z"}
{"level":"info","message":"📡 Connecting to database...","timestamp":"2025-02-08T00:52:15.368Z"}
{"level":"info","message":"Connected to database successfully","timestamp":"2025-02-08T00:52:15.409Z"}
{"level":"info","message":"✅ Database connected successfully","timestamp":"2025-02-08T00:52:15.409Z"}
{"level":"info","message":"📡 Connecting to database...","timestamp":"2025-02-08T00:52:42.384Z"}
{"level":"info","message":"Connected to database successfully","timestamp":"2025-02-08T00:52:42.431Z"}
{"level":"info","message":"✅ Database connected successfully","timestamp":"2025-02-08T00:52:42.431Z"}
{"level":"info","message":"📡 Connecting to database...","timestamp":"2025-02-08T00:52:55.549Z"}
{"level":"info","message":"Connected to database successfully","timestamp":"2025-02-08T00:52:55.592Z"}
{"level":"info","message":"✅ Database connected successfully","timestamp":"2025-02-08T00:52:55.592Z"}
{"level":"info","message":"📡 Connecting to database...","timestamp":"2025-02-08T00:58:58.418Z"}
{"level":"info","message":"Connected to database successfully","timestamp":"2025-02-08T00:58:58.463Z"}
{"level":"info","message":"✅ Database connected successfully","timestamp":"2025-02-08T00:58:58.464Z"}
{"body":"{\n  \"email\": \"user@example.com\",\n  \"password\": \"Password@123\",\n}","expose":true,"level":"error","message":"Error processing POST /api/auth/login: Expected double-quoted property name in JSON at position 63","stack":"SyntaxError: Expected double-quoted property name in JSON at position 63\n    at JSON.parse (<anonymous>)\n    at parse (D:\\my projects\\JAVASCRIPT_COURSE\\TYPESCRIPT_WITH_BACK\\ecommerce-backend\\node_modules\\body-parser\\lib\\types\\json.js:92:19)\n    at D:\\my projects\\JAVASCRIPT_COURSE\\TYPESCRIPT_WITH_BACK\\ecommerce-backend\\node_modules\\body-parser\\lib\\read.js:128:18\n    at AsyncResource.runInAsyncScope (node:async_hooks:206:9)\n    at invokeCallback (D:\\my projects\\JAVASCRIPT_COURSE\\TYPESCRIPT_WITH_BACK\\ecommerce-backend\\node_modules\\raw-body\\index.js:238:16)\n    at done (D:\\my projects\\JAVASCRIPT_COURSE\\TYPESCRIPT_WITH_BACK\\ecommerce-backend\\node_modules\\raw-body\\index.js:227:7)\n    at IncomingMessage.onEnd (D:\\my projects\\JAVASCRIPT_COURSE\\TYPESCRIPT_WITH_BACK\\ecommerce-backend\\node_modules\\raw-body\\index.js:287:7)\n    at IncomingMessage.emit (node:events:518:28)\n    at endReadableNT (node:internal/streams/readable:1696:12)\n    at processTicksAndRejections (node:internal/process/task_queues:82:21)","status":400,"statusCode":400,"timestamp":"2025-02-08T00:59:08.601Z","type":"entity.parse.failed"}
{"level":"info","message":"Login attempt for email: user@example.com","timestamp":"2025-02-08T01:00:38.381Z"}
{"level":"info","message":"User logged in: user@example.com","timestamp":"2025-02-08T01:00:38.532Z"}
{"level":"info","message":"User logged in successfully: user@example.com","timestamp":"2025-02-08T01:00:38.534Z"}
{"level":"info","message":"📡 Connecting to database...","timestamp":"2025-02-08T01:06:38.475Z"}
{"level":"info","message":"Connected to database successfully","timestamp":"2025-02-08T01:06:38.522Z"}
{"level":"info","message":"✅ Database connected successfully","timestamp":"2025-02-08T01:06:38.523Z"}
{"level":"info","message":"📡 Connecting to database...","timestamp":"2025-02-08T01:08:51.029Z"}
{"level":"info","message":"Connected to database successfully","timestamp":"2025-02-08T01:08:51.071Z"}
{"level":"info","message":"✅ Database connected successfully","timestamp":"2025-02-08T01:08:51.071Z"}
{"level":"info","message":"📡 Connecting to database...","timestamp":"2025-02-08T01:10:43.682Z"}
{"level":"info","message":"Connected to database successfully","timestamp":"2025-02-08T01:10:43.727Z"}
{"level":"info","message":"✅ Database connected successfully","timestamp":"2025-02-08T01:10:43.728Z"}
{"level":"info","message":"📡 Connecting to database...","timestamp":"2025-02-08T01:14:20.655Z"}
{"level":"info","message":"Connected to database successfully","timestamp":"2025-02-08T01:14:20.703Z"}
{"level":"info","message":"✅ Database connected successfully","timestamp":"2025-02-08T01:14:20.704Z"}
{"level":"info","message":"📡 Connecting to database...","timestamp":"2025-02-08T01:15:25.926Z"}
{"level":"info","message":"Connected to database successfully","timestamp":"2025-02-08T01:15:26.081Z"}
{"level":"info","message":"✅ Database connected successfully","timestamp":"2025-02-08T01:15:26.081Z"}
{"level":"info","message":"📡 Connecting to database...","timestamp":"2025-02-08T01:17:37.154Z"}
{"level":"info","message":"Connected to database successfully","timestamp":"2025-02-08T01:17:37.195Z"}
{"level":"info","message":"✅ Database connected successfully","timestamp":"2025-02-08T01:17:37.195Z"}
{"level":"info","message":"\n📥 Received SIGINT. Starting graceful shutdown...","timestamp":"2025-02-09T19:53:55.995Z"}
{"level":"info","message":"📡 Connecting to database...","timestamp":"2025-02-09T19:54:22.641Z"}
{"level":"info","message":"Connected to database successfully","timestamp":"2025-02-09T19:54:22.845Z"}
{"level":"info","message":"✅ Database connected successfully","timestamp":"2025-02-09T19:54:22.846Z"}
{"level":"info","message":"📡 Connecting to database...","timestamp":"2025-02-09T20:51:01.178Z"}
{"level":"info","message":"Connected to database successfully","timestamp":"2025-02-09T20:51:01.253Z"}
{"level":"info","message":"✅ Database connected successfully","timestamp":"2025-02-09T20:51:01.254Z"}
{"level":"info","message":"📡 Connecting to database...","timestamp":"2025-02-09T20:52:18.684Z"}
{"level":"info","message":"Connected to database successfully","timestamp":"2025-02-09T20:52:18.752Z"}
{"level":"info","message":"✅ Database connected successfully","timestamp":"2025-02-09T20:52:18.752Z"}
{"level":"info","message":"📡 Connecting to database...","timestamp":"2025-02-09T20:53:27.658Z"}
{"level":"info","message":"Connected to database successfully","timestamp":"2025-02-09T20:53:27.714Z"}
{"level":"info","message":"✅ Database connected successfully","timestamp":"2025-02-09T20:53:27.715Z"}
{"level":"info","message":"📡 Connecting to database...","timestamp":"2025-02-09T20:53:53.175Z"}
{"level":"info","message":"Connected to database successfully","timestamp":"2025-02-09T20:53:53.245Z"}
{"level":"info","message":"✅ Database connected successfully","timestamp":"2025-02-09T20:53:53.246Z"}
{"level":"info","message":"📡 Connecting to database...","timestamp":"2025-02-09T20:55:22.497Z"}
{"level":"info","message":"Connected to database successfully","timestamp":"2025-02-09T20:55:22.553Z"}
{"level":"info","message":"✅ Database connected successfully","timestamp":"2025-02-09T20:55:22.554Z"}
{"level":"info","message":"📡 Connecting to database...","timestamp":"2025-02-09T20:57:30.207Z"}
{"level":"info","message":"Connected to database successfully","timestamp":"2025-02-09T20:57:30.274Z"}
{"level":"info","message":"✅ Database connected successfully","timestamp":"2025-02-09T20:57:30.274Z"}
{"level":"info","message":"📡 Connecting to database...","timestamp":"2025-02-09T20:59:15.572Z"}
{"level":"info","message":"Connected to database successfully","timestamp":"2025-02-09T20:59:15.636Z"}
{"level":"info","message":"✅ Database connected successfully","timestamp":"2025-02-09T20:59:15.636Z"}
{"level":"info","message":"📡 Connecting to database...","timestamp":"2025-02-09T21:03:49.173Z"}
{"level":"info","message":"Connected to database successfully","timestamp":"2025-02-09T21:03:49.239Z"}
{"level":"info","message":"✅ Database connected successfully","timestamp":"2025-02-09T21:03:49.239Z"}
{"level":"info","message":"📡 Connecting to database...","timestamp":"2025-02-09T21:04:40.551Z"}
{"level":"info","message":"Connected to database successfully","timestamp":"2025-02-09T21:04:40.607Z"}
{"level":"info","message":"✅ Database connected successfully","timestamp":"2025-02-09T21:04:40.607Z"}
{"level":"info","message":"📡 Connecting to database...","timestamp":"2025-02-09T21:05:01.120Z"}
{"level":"info","message":"Connected to database successfully","timestamp":"2025-02-09T21:05:01.177Z"}
{"level":"info","message":"✅ Database connected successfully","timestamp":"2025-02-09T21:05:01.178Z"}
{"level":"info","message":"📡 Connecting to database...","timestamp":"2025-02-09T21:05:08.930Z"}
{"level":"info","message":"Connected to database successfully","timestamp":"2025-02-09T21:05:08.983Z"}
{"level":"info","message":"✅ Database connected successfully","timestamp":"2025-02-09T21:05:08.984Z"}
{"level":"info","message":"📡 Connecting to database...","timestamp":"2025-02-09T21:05:28.385Z"}
{"level":"info","message":"Connected to database successfully","timestamp":"2025-02-09T21:05:28.437Z"}
{"level":"info","message":"✅ Database connected successfully","timestamp":"2025-02-09T21:05:28.438Z"}
{"level":"info","message":"📡 Connecting to database...","timestamp":"2025-02-09T21:05:48.783Z"}
{"level":"info","message":"Connected to database successfully","timestamp":"2025-02-09T21:05:48.838Z"}
{"level":"info","message":"✅ Database connected successfully","timestamp":"2025-02-09T21:05:48.839Z"}
{"level":"info","message":"\n📥 Received SIGINT. Starting graceful shutdown...","timestamp":"2025-02-09T21:06:30.688Z"}
{"level":"info","message":"📤 Closing database connection...","timestamp":"2025-02-09T21:06:30.689Z"}
{"level":"info","message":"📡 Connecting to database...","timestamp":"2025-02-09T21:06:46.374Z"}
{"level":"info","message":"Connected to database successfully","timestamp":"2025-02-09T21:06:46.432Z"}
{"level":"info","message":"✅ Database connected successfully","timestamp":"2025-02-09T21:06:46.432Z"}
{"level":"error","message":"Error processing POST /api/auth/change-password: Invalid token","stack":"Error: Invalid token\n    at authenticate (D:\\my projects\\JAVASCRIPT_COURSE\\TYPESCRIPT_WITH_BACK\\ecommerce-backend\\src\\middlewares\\auth.middleware.ts:37:10)\n    at Layer.handle [as handle_request] (D:\\my projects\\JAVASCRIPT_COURSE\\TYPESCRIPT_WITH_BACK\\ecommerce-backend\\node_modules\\express\\lib\\router\\layer.js:95:5)\n    at next (D:\\my projects\\JAVASCRIPT_COURSE\\TYPESCRIPT_WITH_BACK\\ecommerce-backend\\node_modules\\express\\lib\\router\\route.js:149:13)\n    at Route.dispatch (D:\\my projects\\JAVASCRIPT_COURSE\\TYPESCRIPT_WITH_BACK\\ecommerce-backend\\node_modules\\express\\lib\\router\\route.js:119:3)\n    at Layer.handle [as handle_request] (D:\\my projects\\JAVASCRIPT_COURSE\\TYPESCRIPT_WITH_BACK\\ecommerce-backend\\node_modules\\express\\lib\\router\\layer.js:95:5)\n    at D:\\my projects\\JAVASCRIPT_COURSE\\TYPESCRIPT_WITH_BACK\\ecommerce-backend\\node_modules\\express\\lib\\router\\index.js:284:15\n    at Function.process_params (D:\\my projects\\JAVASCRIPT_COURSE\\TYPESCRIPT_WITH_BACK\\ecommerce-backend\\node_modules\\express\\lib\\router\\index.js:346:12)\n    at next (D:\\my projects\\JAVASCRIPT_COURSE\\TYPESCRIPT_WITH_BACK\\ecommerce-backend\\node_modules\\express\\lib\\router\\index.js:280:10)\n    at Function.handle (D:\\my projects\\JAVASCRIPT_COURSE\\TYPESCRIPT_WITH_BACK\\ecommerce-backend\\node_modules\\express\\lib\\router\\index.js:175:3)\n    at router (D:\\my projects\\JAVASCRIPT_COURSE\\TYPESCRIPT_WITH_BACK\\ecommerce-backend\\node_modules\\express\\lib\\router\\index.js:47:12)","statusCode":401,"timestamp":"2025-02-09T21:07:16.303Z"}
{"level":"info","message":"Registration attempt for email: user@example.com","timestamp":"2025-02-09T21:07:54.003Z"}
{"level":"warn","message":"Registration failed - Email already exists: user@example.com","timestamp":"2025-02-09T21:07:54.363Z"}
{"level":"info","message":"Registration attempt for email: user1@example.com","timestamp":"2025-02-09T21:08:06.311Z"}
{"level":"info","message":"New user registered: user1@example.com","timestamp":"2025-02-09T21:08:06.483Z"}
{"level":"info","message":"User registered successfully: user1@example.com","timestamp":"2025-02-09T21:08:06.484Z"}
{"level":"info","message":"Login attempt for email: user1@example.com","timestamp":"2025-02-09T21:08:37.048Z"}
{"level":"info","message":"User logged in: user1@example.com","timestamp":"2025-02-09T21:08:37.224Z"}
{"level":"info","message":"User logged in successfully: user1@example.com","timestamp":"2025-02-09T21:08:37.226Z"}
{"level":"info","message":"Password changed successfully for user: user1@example.com","timestamp":"2025-02-09T21:09:05.793Z"}
{"level":"info","message":"Password changed successfully for user ID: 7682e65d-c686-4abd-8aa4-e5865b41a03c","timestamp":"2025-02-09T21:09:05.794Z"}
{"level":"info","message":"Login attempt for email: user1@example.com","timestamp":"2025-02-09T21:10:05.914Z"}
{"level":"warn","message":"Failed login attempt for email: user1@example.com","timestamp":"2025-02-09T21:10:06.085Z"}
{"level":"info","message":"Login attempt for email: user1@example.com","timestamp":"2025-02-09T21:10:21.245Z"}
{"level":"info","message":"User logged in: user1@example.com","timestamp":"2025-02-09T21:10:21.377Z"}
{"level":"info","message":"User logged in successfully: user1@example.com","timestamp":"2025-02-09T21:10:21.379Z"}
{"level":"info","message":"📡 Connecting to database...","timestamp":"2025-02-09T21:13:00.557Z"}
{"level":"info","message":"Connected to database successfully","timestamp":"2025-02-09T21:13:00.622Z"}
{"level":"info","message":"✅ Database connected successfully","timestamp":"2025-02-09T21:13:00.623Z"}
{"level":"info","message":"📡 Connecting to database...","timestamp":"2025-02-09T21:14:18.940Z"}
{"level":"info","message":"Connected to database successfully","timestamp":"2025-02-09T21:14:18.983Z"}
{"level":"info","message":"✅ Database connected successfully","timestamp":"2025-02-09T21:14:18.984Z"}
{"level":"error","message":"Error processing POST /api/auth/change-password: Invalid token","stack":"Error: Invalid token\n    at authenticate (D:\\my projects\\JAVASCRIPT_COURSE\\TYPESCRIPT_WITH_BACK\\ecommerce-backend\\src\\middlewares\\auth.middleware.ts:37:10)\n    at Layer.handle [as handle_request] (D:\\my projects\\JAVASCRIPT_COURSE\\TYPESCRIPT_WITH_BACK\\ecommerce-backend\\node_modules\\express\\lib\\router\\layer.js:95:5)\n    at next (D:\\my projects\\JAVASCRIPT_COURSE\\TYPESCRIPT_WITH_BACK\\ecommerce-backend\\node_modules\\express\\lib\\router\\route.js:149:13)\n    at Route.dispatch (D:\\my projects\\JAVASCRIPT_COURSE\\TYPESCRIPT_WITH_BACK\\ecommerce-backend\\node_modules\\express\\lib\\router\\route.js:119:3)\n    at Layer.handle [as handle_request] (D:\\my projects\\JAVASCRIPT_COURSE\\TYPESCRIPT_WITH_BACK\\ecommerce-backend\\node_modules\\express\\lib\\router\\layer.js:95:5)\n    at D:\\my projects\\JAVASCRIPT_COURSE\\TYPESCRIPT_WITH_BACK\\ecommerce-backend\\node_modules\\express\\lib\\router\\index.js:284:15\n    at Function.process_params (D:\\my projects\\JAVASCRIPT_COURSE\\TYPESCRIPT_WITH_BACK\\ecommerce-backend\\node_modules\\express\\lib\\router\\index.js:346:12)\n    at next (D:\\my projects\\JAVASCRIPT_COURSE\\TYPESCRIPT_WITH_BACK\\ecommerce-backend\\node_modules\\express\\lib\\router\\index.js:280:10)\n    at Function.handle (D:\\my projects\\JAVASCRIPT_COURSE\\TYPESCRIPT_WITH_BACK\\ecommerce-backend\\node_modules\\express\\lib\\router\\index.js:175:3)\n    at router (D:\\my projects\\JAVASCRIPT_COURSE\\TYPESCRIPT_WITH_BACK\\ecommerce-backend\\node_modules\\express\\lib\\router\\index.js:47:12)","statusCode":401,"timestamp":"2025-02-09T21:15:07.080Z"}
{"level":"info","message":"📡 Connecting to database...","timestamp":"2025-02-09T21:27:33.984Z"}
{"level":"info","message":"Connected to database successfully","timestamp":"2025-02-09T21:27:34.040Z"}
{"level":"info","message":"✅ Database connected successfully","timestamp":"2025-02-09T21:27:34.041Z"}
{"level":"info","message":"📡 Connecting to database...","timestamp":"2025-02-09T21:29:26.755Z"}
{"level":"info","message":"Connected to database successfully","timestamp":"2025-02-09T21:29:26.805Z"}
{"level":"info","message":"✅ Database connected successfully","timestamp":"2025-02-09T21:29:26.806Z"}
{"level":"info","message":"📡 Connecting to database...","timestamp":"2025-02-09T21:35:00.058Z"}
{"level":"info","message":"Connected to database successfully","timestamp":"2025-02-09T21:35:00.138Z"}
{"level":"info","message":"✅ Database connected successfully","timestamp":"2025-02-09T21:35:00.139Z"}
{"level":"info","message":"📡 Connecting to database...","timestamp":"2025-02-09T21:39:20.479Z"}
{"level":"info","message":"Connected to database successfully","timestamp":"2025-02-09T21:39:20.519Z"}
{"level":"info","message":"✅ Database connected successfully","timestamp":"2025-02-09T21:39:20.520Z"}
{"level":"info","message":"\n📥 Received SIGINT. Starting graceful shutdown...","timestamp":"2025-02-09T21:47:59.926Z"}
{"level":"info","message":"📡 Connecting to database...","timestamp":"2025-02-09T21:48:54.163Z"}
{"level":"info","message":"Connected to database successfully","timestamp":"2025-02-09T21:48:54.205Z"}
{"level":"info","message":"✅ Database connected successfully","timestamp":"2025-02-09T21:48:54.205Z"}
{"level":"info","message":"📡 Connecting to database...","timestamp":"2025-02-09T21:53:13.490Z"}
{"level":"info","message":"Connected to database successfully","timestamp":"2025-02-09T21:53:13.530Z"}
{"level":"info","message":"✅ Database connected successfully","timestamp":"2025-02-09T21:53:13.531Z"}
{"level":"info","message":"📡 Connecting to database...","timestamp":"2025-02-09T22:00:33.880Z"}
{"level":"info","message":"Connected to database successfully","timestamp":"2025-02-09T22:00:33.931Z"}
{"level":"info","message":"✅ Database connected successfully","timestamp":"2025-02-09T22:00:33.931Z"}
{"level":"info","message":"📡 Connecting to database...","timestamp":"2025-02-09T22:02:08.122Z"}
{"level":"info","message":"Connected to database successfully","timestamp":"2025-02-09T22:02:08.160Z"}
{"level":"info","message":"✅ Database connected successfully","timestamp":"2025-02-09T22:02:08.161Z"}
{"level":"info","message":"📡 Connecting to database...","timestamp":"2025-02-09T22:03:10.519Z"}
{"level":"info","message":"Connected to database successfully","timestamp":"2025-02-09T22:03:10.559Z"}
{"level":"info","message":"✅ Database connected successfully","timestamp":"2025-02-09T22:03:10.560Z"}
{"level":"info","message":"📡 Connecting to database...","timestamp":"2025-02-09T22:11:35.928Z"}
{"level":"info","message":"Connected to database successfully","timestamp":"2025-02-09T22:11:35.972Z"}
{"level":"info","message":"✅ Database connected successfully","timestamp":"2025-02-09T22:11:35.973Z"}
{"level":"info","message":"Registration attempt for email: john.doe@example.com","timestamp":"2025-02-09T22:12:11.168Z"}
{"level":"error","message":"Registration error: \nInvalid `this.prisma.user.findUnique()` invocation in\nD:\\my projects\\JAVASCRIPT_COURSE\\TYPESCRIPT_WITH_BACK\\ecommerce-backend\\src\\services\\auth.service.ts:39:49\n\n  36 this.validatePassword(data.password);\n  37 \n  38 // Check if email exists\n→ 39 const existingUser = await this.prisma.user.findUnique(\nThe column `users.firstName` does not exist in the current database.","timestamp":"2025-02-09T22:12:11.266Z"}
{"clientVersion":"6.3.1","code":"P2022","level":"error","message":"Error processing POST /api/auth/register: \nInvalid `this.prisma.user.findUnique()` invocation in\nD:\\my projects\\JAVASCRIPT_COURSE\\TYPESCRIPT_WITH_BACK\\ecommerce-backend\\src\\services\\auth.service.ts:39:49\n\n  36 this.validatePassword(data.password);\n  37 \n  38 // Check if email exists\n→ 39 const existingUser = await this.prisma.user.findUnique(\nThe column `users.firstName` does not exist in the current database.","meta":{"column":"users.firstName","modelName":"User"},"name":"PrismaClientKnownRequestError","stack":"PrismaClientKnownRequestError: \nInvalid `this.prisma.user.findUnique()` invocation in\nD:\\my projects\\JAVASCRIPT_COURSE\\TYPESCRIPT_WITH_BACK\\ecommerce-backend\\src\\services\\auth.service.ts:39:49\n\n  36 this.validatePassword(data.password);\n  37 \n  38 // Check if email exists\n→ 39 const existingUser = await this.prisma.user.findUnique(\nThe column `users.firstName` does not exist in the current database.\n    at Bn.handleRequestError (D:\\my projects\\JAVASCRIPT_COURSE\\TYPESCRIPT_WITH_BACK\\ecommerce-backend\\node_modules\\@prisma\\client\\runtime\\library.js:121:7362)\n    at Bn.handleAndLogRequestError (D:\\my projects\\JAVASCRIPT_COURSE\\TYPESCRIPT_WITH_BACK\\ecommerce-backend\\node_modules\\@prisma\\client\\runtime\\library.js:121:6686)\n    at Bn.request (D:\\my projects\\JAVASCRIPT_COURSE\\TYPESCRIPT_WITH_BACK\\ecommerce-backend\\node_modules\\@prisma\\client\\runtime\\library.js:121:6393)\n    at l (D:\\my projects\\JAVASCRIPT_COURSE\\TYPESCRIPT_WITH_BACK\\ecommerce-backend\\node_modules\\@prisma\\client\\runtime\\library.js:130:9645)\n    at AuthService.register (D:\\my projects\\JAVASCRIPT_COURSE\\TYPESCRIPT_WITH_BACK\\ecommerce-backend\\src\\services\\auth.service.ts:39:26)\n    at AuthController.register (D:\\my projects\\JAVASCRIPT_COURSE\\TYPESCRIPT_WITH_BACK\\ecommerce-backend\\src\\controllers\\auth.controller.ts:16:22)\n    at D:\\my projects\\JAVASCRIPT_COURSE\\TYPESCRIPT_WITH_BACK\\ecommerce-backend\\src\\routes\\auth.routes.ts:22:7","timestamp":"2025-02-09T22:12:11.268Z"}
{"level":"info","message":"\n📥 Received SIGINT. Starting graceful shutdown...","timestamp":"2025-02-09T22:12:30.812Z"}
{"level":"info","message":"📤 Closing database connection...","timestamp":"2025-02-09T22:12:30.813Z"}
{"level":"info","message":"📡 Connecting to database...","timestamp":"2025-02-09T22:12:43.693Z"}
{"level":"info","message":"Connected to database successfully","timestamp":"2025-02-09T22:12:43.738Z"}
{"level":"info","message":"✅ Database connected successfully","timestamp":"2025-02-09T22:12:43.738Z"}
{"level":"info","message":"Registration attempt for email: john.doe@example.com","timestamp":"2025-02-09T22:12:52.025Z"}
{"level":"error","message":"Registration error: \nInvalid `this.prisma.user.findUnique()` invocation in\nD:\\my projects\\JAVASCRIPT_COURSE\\TYPESCRIPT_WITH_BACK\\ecommerce-backend\\src\\services\\auth.service.ts:39:49\n\n  36 this.validatePassword(data.password);\n  37 \n  38 // Check if email exists\n→ 39 const existingUser = await this.prisma.user.findUnique(\nThe column `users.firstName` does not exist in the current database.","timestamp":"2025-02-09T22:12:52.103Z"}
{"clientVersion":"6.3.1","code":"P2022","level":"error","message":"Error processing POST /api/auth/register: \nInvalid `this.prisma.user.findUnique()` invocation in\nD:\\my projects\\JAVASCRIPT_COURSE\\TYPESCRIPT_WITH_BACK\\ecommerce-backend\\src\\services\\auth.service.ts:39:49\n\n  36 this.validatePassword(data.password);\n  37 \n  38 // Check if email exists\n→ 39 const existingUser = await this.prisma.user.findUnique(\nThe column `users.firstName` does not exist in the current database.","meta":{"column":"users.firstName","modelName":"User"},"name":"PrismaClientKnownRequestError","stack":"PrismaClientKnownRequestError: \nInvalid `this.prisma.user.findUnique()` invocation in\nD:\\my projects\\JAVASCRIPT_COURSE\\TYPESCRIPT_WITH_BACK\\ecommerce-backend\\src\\services\\auth.service.ts:39:49\n\n  36 this.validatePassword(data.password);\n  37 \n  38 // Check if email exists\n→ 39 const existingUser = await this.prisma.user.findUnique(\nThe column `users.firstName` does not exist in the current database.\n    at Bn.handleRequestError (D:\\my projects\\JAVASCRIPT_COURSE\\TYPESCRIPT_WITH_BACK\\ecommerce-backend\\node_modules\\@prisma\\client\\runtime\\library.js:121:7362)\n    at Bn.handleAndLogRequestError (D:\\my projects\\JAVASCRIPT_COURSE\\TYPESCRIPT_WITH_BACK\\ecommerce-backend\\node_modules\\@prisma\\client\\runtime\\library.js:121:6686)\n    at Bn.request (D:\\my projects\\JAVASCRIPT_COURSE\\TYPESCRIPT_WITH_BACK\\ecommerce-backend\\node_modules\\@prisma\\client\\runtime\\library.js:121:6393)\n    at l (D:\\my projects\\JAVASCRIPT_COURSE\\TYPESCRIPT_WITH_BACK\\ecommerce-backend\\node_modules\\@prisma\\client\\runtime\\library.js:130:9645)\n    at AuthService.register (D:\\my projects\\JAVASCRIPT_COURSE\\TYPESCRIPT_WITH_BACK\\ecommerce-backend\\src\\services\\auth.service.ts:39:26)\n    at AuthController.register (D:\\my projects\\JAVASCRIPT_COURSE\\TYPESCRIPT_WITH_BACK\\ecommerce-backend\\src\\controllers\\auth.controller.ts:16:22)\n    at D:\\my projects\\JAVASCRIPT_COURSE\\TYPESCRIPT_WITH_BACK\\ecommerce-backend\\src\\routes\\auth.routes.ts:22:7","timestamp":"2025-02-09T22:12:52.107Z"}
{"level":"info","message":"\n📥 Received SIGINT. Starting graceful shutdown...","timestamp":"2025-02-09T22:14:27.877Z"}
{"level":"info","message":"📡 Connecting to database...","timestamp":"2025-02-09T22:15:48.186Z"}
{"level":"info","message":"Connected to database successfully","timestamp":"2025-02-09T22:15:48.237Z"}
{"level":"info","message":"✅ Database connected successfully","timestamp":"2025-02-09T22:15:48.238Z"}
{"level":"info","message":"Registration attempt for email: john.doe@example.com","timestamp":"2025-02-09T22:15:58.735Z"}
{"level":"info","message":"New CUSTOMER registered: john.doe@example.com","timestamp":"2025-02-09T22:15:58.885Z"}
{"level":"info","message":"User registered successfully: john.doe@example.com","timestamp":"2025-02-09T22:15:58.886Z"}
{"level":"info","message":"Registration attempt for email: john1.doe@example.com","timestamp":"2025-02-09T22:17:50.147Z"}
{"level":"info","message":"Registration attempt for email: john1.doe@example.com","timestamp":"2025-02-09T22:18:00.047Z"}
{"level":"info","message":"New ADMIN registered: john1.doe@example.com","timestamp":"2025-02-09T22:18:00.143Z"}
{"level":"info","message":"User registered successfully: john1.doe@example.com","timestamp":"2025-02-09T22:18:00.144Z"}
{"level":"info","message":"Login attempt for email: john.doe@example.com","timestamp":"2025-02-09T22:18:42.557Z"}
{"level":"info","message":"CUSTOMER logged in: john.doe@example.com","timestamp":"2025-02-09T22:18:42.656Z"}
{"level":"info","message":"User logged in successfully: john.doe@example.com","timestamp":"2025-02-09T22:18:42.656Z"}
{"level":"info","message":"Login attempt for email: john1.doe@example.com","timestamp":"2025-02-09T22:18:57.141Z"}
{"level":"info","message":"ADMIN logged in: john1.doe@example.com","timestamp":"2025-02-09T22:18:57.220Z"}
{"level":"info","message":"User logged in successfully: john1.doe@example.com","timestamp":"2025-02-09T22:18:57.221Z"}
{"level":"error","message":"Error processing POST /api/auth/change-password: Invalid token","stack":"Error: Invalid token\n    at authenticate (D:\\my projects\\JAVASCRIPT_COURSE\\TYPESCRIPT_WITH_BACK\\ecommerce-backend\\src\\middlewares\\auth.middleware.ts:37:10)\n    at Layer.handle [as handle_request] (D:\\my projects\\JAVASCRIPT_COURSE\\TYPESCRIPT_WITH_BACK\\ecommerce-backend\\node_modules\\express\\lib\\router\\layer.js:95:5)\n    at next (D:\\my projects\\JAVASCRIPT_COURSE\\TYPESCRIPT_WITH_BACK\\ecommerce-backend\\node_modules\\express\\lib\\router\\route.js:149:13)\n    at Route.dispatch (D:\\my projects\\JAVASCRIPT_COURSE\\TYPESCRIPT_WITH_BACK\\ecommerce-backend\\node_modules\\express\\lib\\router\\route.js:119:3)\n    at Layer.handle [as handle_request] (D:\\my projects\\JAVASCRIPT_COURSE\\TYPESCRIPT_WITH_BACK\\ecommerce-backend\\node_modules\\express\\lib\\router\\layer.js:95:5)\n    at D:\\my projects\\JAVASCRIPT_COURSE\\TYPESCRIPT_WITH_BACK\\ecommerce-backend\\node_modules\\express\\lib\\router\\index.js:284:15\n    at Function.process_params (D:\\my projects\\JAVASCRIPT_COURSE\\TYPESCRIPT_WITH_BACK\\ecommerce-backend\\node_modules\\express\\lib\\router\\index.js:346:12)\n    at next (D:\\my projects\\JAVASCRIPT_COURSE\\TYPESCRIPT_WITH_BACK\\ecommerce-backend\\node_modules\\express\\lib\\router\\index.js:280:10)\n    at Function.handle (D:\\my projects\\JAVASCRIPT_COURSE\\TYPESCRIPT_WITH_BACK\\ecommerce-backend\\node_modules\\express\\lib\\router\\index.js:175:3)\n    at router (D:\\my projects\\JAVASCRIPT_COURSE\\TYPESCRIPT_WITH_BACK\\ecommerce-backend\\node_modules\\express\\lib\\router\\index.js:47:12)","statusCode":401,"timestamp":"2025-02-09T22:19:39.008Z"}
{"level":"info","message":"Password changed successfully for user: john1.doe@example.com","timestamp":"2025-02-09T22:19:54.075Z"}
{"level":"info","message":"Password changed successfully for user ID: e4e93cb4-76b8-4e6b-aa9a-f8a9313d26b5","timestamp":"2025-02-09T22:19:54.076Z"}
{"level":"info","message":"📡 Connecting to database...","timestamp":"2025-02-09T22:29:13.029Z"}
{"level":"info","message":"Connected to database successfully","timestamp":"2025-02-09T22:29:13.079Z"}
{"level":"info","message":"✅ Database connected successfully","timestamp":"2025-02-09T22:29:13.079Z"}
{"level":"info","message":"📡 Connecting to database...","timestamp":"2025-02-09T22:29:23.606Z"}
{"level":"info","message":"Connected to database successfully","timestamp":"2025-02-09T22:29:23.659Z"}
{"level":"info","message":"✅ Database connected successfully","timestamp":"2025-02-09T22:29:23.659Z"}
{"level":"info","message":"\n📥 Received SIGINT. Starting graceful shutdown...","timestamp":"2025-02-09T22:30:00.766Z"}
{"level":"info","message":"📡 Connecting to database...","timestamp":"2025-02-09T22:30:13.753Z"}
{"level":"info","message":"Connected to database successfully","timestamp":"2025-02-09T22:30:13.798Z"}
{"level":"info","message":"✅ Database connected successfully","timestamp":"2025-02-09T22:30:13.798Z"}
{"level":"info","message":"Registration attempt for email: oiradukunda63@gmail.com","timestamp":"2025-02-09T22:31:36.393Z"}
{"level":"info","message":"New ADMIN registered: oiradukunda63@gmail.com","timestamp":"2025-02-09T22:31:36.548Z"}
{"level":"info","message":"User registered successfully: oiradukunda63@gmail.com","timestamp":"2025-02-09T22:31:36.549Z"}
{"level":"info","message":"Login attempt for email: oiradukunda63@gmail.com","timestamp":"2025-02-09T22:33:33.868Z"}
{"level":"error","message":"Login error: Invalid credentials. 4 attempts remaining","timestamp":"2025-02-09T22:33:33.959Z"}
{"level":"error","message":"Error processing POST /api/auth/login: Invalid credentials. 4 attempts remaining","stack":"Error: Invalid credentials. 4 attempts remaining\n    at AuthService.login (D:\\my projects\\JAVASCRIPT_COURSE\\TYPESCRIPT_WITH_BACK\\ecommerce-backend\\src\\services\\auth.service.ts:110:13)\n    at AuthController.login (D:\\my projects\\JAVASCRIPT_COURSE\\TYPESCRIPT_WITH_BACK\\ecommerce-backend\\src\\controllers\\auth.controller.ts:60:22)\n    at D:\\my projects\\JAVASCRIPT_COURSE\\TYPESCRIPT_WITH_BACK\\ecommerce-backend\\src\\routes\\auth.routes.ts:34:7","statusCode":401,"timestamp":"2025-02-09T22:33:33.976Z"}
{"level":"info","message":"Login attempt for email: oiradukunda63@gmail.com","timestamp":"2025-02-09T22:33:47.661Z"}
{"level":"info","message":"ADMIN logged in: oiradukunda63@gmail.com","timestamp":"2025-02-09T22:33:47.742Z"}
{"level":"info","message":"User logged in successfully: oiradukunda63@gmail.com","timestamp":"2025-02-09T22:33:47.743Z"}
{"0":{"code":"custom","message":"New password must be different from current password","path":["newPassword"]},"level":"warn","message":"Validation failed for POST /change-password","timestamp":"2025-02-09T22:35:01.187Z"}
{"level":"info","message":"Password changed successfully for user: oiradukunda63@gmail.com","timestamp":"2025-02-09T22:35:18.417Z"}
{"level":"info","message":"Password changed successfully for user ID: 6247db75-d5d1-4199-b2c9-d9a50548b549","timestamp":"2025-02-09T22:35:18.418Z"}
{"level":"info","message":"Login attempt for email: oiradukunda63@gmail.com","timestamp":"2025-02-09T22:35:31.835Z"}
{"level":"error","message":"Login error: Invalid credentials. 4 attempts remaining","timestamp":"2025-02-09T22:35:31.901Z"}
{"level":"error","message":"Error processing POST /api/auth/login: Invalid credentials. 4 attempts remaining","stack":"Error: Invalid credentials. 4 attempts remaining\n    at AuthService.login (D:\\my projects\\JAVASCRIPT_COURSE\\TYPESCRIPT_WITH_BACK\\ecommerce-backend\\src\\services\\auth.service.ts:110:13)\n    at AuthController.login (D:\\my projects\\JAVASCRIPT_COURSE\\TYPESCRIPT_WITH_BACK\\ecommerce-backend\\src\\controllers\\auth.controller.ts:60:22)\n    at D:\\my projects\\JAVASCRIPT_COURSE\\TYPESCRIPT_WITH_BACK\\ecommerce-backend\\src\\routes\\auth.routes.ts:34:7","statusCode":401,"timestamp":"2025-02-09T22:35:31.902Z"}
{"level":"info","message":"Login attempt for email: oiradukunda63@gmail.com","timestamp":"2025-02-09T22:35:35.421Z"}
{"level":"error","message":"Login error: Invalid credentials. 3 attempts remaining","timestamp":"2025-02-09T22:35:35.498Z"}
{"level":"error","message":"Error processing POST /api/auth/login: Invalid credentials. 3 attempts remaining","stack":"Error: Invalid credentials. 3 attempts remaining\n    at AuthService.login (D:\\my projects\\JAVASCRIPT_COURSE\\TYPESCRIPT_WITH_BACK\\ecommerce-backend\\src\\services\\auth.service.ts:110:13)\n    at AuthController.login (D:\\my projects\\JAVASCRIPT_COURSE\\TYPESCRIPT_WITH_BACK\\ecommerce-backend\\src\\controllers\\auth.controller.ts:60:22)\n    at D:\\my projects\\JAVASCRIPT_COURSE\\TYPESCRIPT_WITH_BACK\\ecommerce-backend\\src\\routes\\auth.routes.ts:34:7","statusCode":401,"timestamp":"2025-02-09T22:35:35.499Z"}
{"level":"info","message":"Login attempt for email: oiradukunda63@gmail.com","timestamp":"2025-02-09T22:35:37.124Z"}
{"level":"error","message":"Login error: Invalid credentials. 2 attempts remaining","timestamp":"2025-02-09T22:35:37.202Z"}
{"level":"error","message":"Error processing POST /api/auth/login: Invalid credentials. 2 attempts remaining","stack":"Error: Invalid credentials. 2 attempts remaining\n    at AuthService.login (D:\\my projects\\JAVASCRIPT_COURSE\\TYPESCRIPT_WITH_BACK\\ecommerce-backend\\src\\services\\auth.service.ts:110:13)\n    at AuthController.login (D:\\my projects\\JAVASCRIPT_COURSE\\TYPESCRIPT_WITH_BACK\\ecommerce-backend\\src\\controllers\\auth.controller.ts:60:22)\n    at D:\\my projects\\JAVASCRIPT_COURSE\\TYPESCRIPT_WITH_BACK\\ecommerce-backend\\src\\routes\\auth.routes.ts:34:7","statusCode":401,"timestamp":"2025-02-09T22:35:37.203Z"}
{"level":"info","message":"Login attempt for email: oiradukunda63@gmail.com","timestamp":"2025-02-09T22:35:38.814Z"}
{"level":"error","message":"Login error: Invalid credentials. 1 attempts remaining","timestamp":"2025-02-09T22:35:38.895Z"}
{"level":"error","message":"Error processing POST /api/auth/login: Invalid credentials. 1 attempts remaining","stack":"Error: Invalid credentials. 1 attempts remaining\n    at AuthService.login (D:\\my projects\\JAVASCRIPT_COURSE\\TYPESCRIPT_WITH_BACK\\ecommerce-backend\\src\\services\\auth.service.ts:110:13)\n    at AuthController.login (D:\\my projects\\JAVASCRIPT_COURSE\\TYPESCRIPT_WITH_BACK\\ecommerce-backend\\src\\controllers\\auth.controller.ts:60:22)\n    at D:\\my projects\\JAVASCRIPT_COURSE\\TYPESCRIPT_WITH_BACK\\ecommerce-backend\\src\\routes\\auth.routes.ts:34:7","statusCode":401,"timestamp":"2025-02-09T22:35:38.896Z"}
{"level":"info","message":"Login attempt for email: oiradukunda63@gmail.com","timestamp":"2025-02-09T22:35:45.180Z"}
{"level":"error","message":"Login error: Invalid credentials. 0 attempts remaining","timestamp":"2025-02-09T22:35:45.261Z"}
{"level":"error","message":"Error processing POST /api/auth/login: Invalid credentials. 0 attempts remaining","stack":"Error: Invalid credentials. 0 attempts remaining\n    at AuthService.login (D:\\my projects\\JAVASCRIPT_COURSE\\TYPESCRIPT_WITH_BACK\\ecommerce-backend\\src\\services\\auth.service.ts:110:13)\n    at AuthController.login (D:\\my projects\\JAVASCRIPT_COURSE\\TYPESCRIPT_WITH_BACK\\ecommerce-backend\\src\\controllers\\auth.controller.ts:60:22)\n    at D:\\my projects\\JAVASCRIPT_COURSE\\TYPESCRIPT_WITH_BACK\\ecommerce-backend\\src\\routes\\auth.routes.ts:34:7","statusCode":401,"timestamp":"2025-02-09T22:35:45.263Z"}
{"level":"info","message":"Login attempt for email: oiradukunda63@gmail.com","timestamp":"2025-02-09T22:35:51.206Z"}
{"level":"error","message":"Login error: Account locked due to too many failed attempts","timestamp":"2025-02-09T22:35:51.209Z"}
{"level":"error","message":"Error processing POST /api/auth/login: Account locked due to too many failed attempts","stack":"Error: Account locked due to too many failed attempts\n    at AuthService.login (D:\\my projects\\JAVASCRIPT_COURSE\\TYPESCRIPT_WITH_BACK\\ecommerce-backend\\src\\services\\auth.service.ts:97:13)\n    at AuthController.login (D:\\my projects\\JAVASCRIPT_COURSE\\TYPESCRIPT_WITH_BACK\\ecommerce-backend\\src\\controllers\\auth.controller.ts:60:22)\n    at D:\\my projects\\JAVASCRIPT_COURSE\\TYPESCRIPT_WITH_BACK\\ecommerce-backend\\src\\routes\\auth.routes.ts:34:7","statusCode":403,"timestamp":"2025-02-09T22:35:51.209Z"}
{"level":"info","message":"Login attempt for email: oiradukunda63@gmail.com","timestamp":"2025-02-09T22:35:55.839Z"}
{"level":"error","message":"Login error: Account locked due to too many failed attempts","timestamp":"2025-02-09T22:35:55.842Z"}
{"level":"error","message":"Error processing POST /api/auth/login: Account locked due to too many failed attempts","stack":"Error: Account locked due to too many failed attempts\n    at AuthService.login (D:\\my projects\\JAVASCRIPT_COURSE\\TYPESCRIPT_WITH_BACK\\ecommerce-backend\\src\\services\\auth.service.ts:97:13)\n    at AuthController.login (D:\\my projects\\JAVASCRIPT_COURSE\\TYPESCRIPT_WITH_BACK\\ecommerce-backend\\src\\controllers\\auth.controller.ts:60:22)\n    at D:\\my projects\\JAVASCRIPT_COURSE\\TYPESCRIPT_WITH_BACK\\ecommerce-backend\\src\\routes\\auth.routes.ts:34:7","statusCode":403,"timestamp":"2025-02-09T22:35:55.844Z"}
{"level":"info","message":"Login attempt for email: oiradukunda63@gmail.com","timestamp":"2025-02-09T22:36:06.633Z"}
{"level":"error","message":"Login error: Account locked due to too many failed attempts","timestamp":"2025-02-09T22:36:06.636Z"}
{"level":"error","message":"Error processing POST /api/auth/login: Account locked due to too many failed attempts","stack":"Error: Account locked due to too many failed attempts\n    at AuthService.login (D:\\my projects\\JAVASCRIPT_COURSE\\TYPESCRIPT_WITH_BACK\\ecommerce-backend\\src\\services\\auth.service.ts:97:13)\n    at AuthController.login (D:\\my projects\\JAVASCRIPT_COURSE\\TYPESCRIPT_WITH_BACK\\ecommerce-backend\\src\\controllers\\auth.controller.ts:60:22)\n    at D:\\my projects\\JAVASCRIPT_COURSE\\TYPESCRIPT_WITH_BACK\\ecommerce-backend\\src\\routes\\auth.routes.ts:34:7","statusCode":403,"timestamp":"2025-02-09T22:36:06.636Z"}
{"level":"info","message":"Login attempt for email: oiradukunda63@gmail.com","timestamp":"2025-02-09T22:36:09.481Z"}
{"level":"error","message":"Login error: Account locked due to too many failed attempts","timestamp":"2025-02-09T22:36:09.483Z"}
{"level":"error","message":"Error processing POST /api/auth/login: Account locked due to too many failed attempts","stack":"Error: Account locked due to too many failed attempts\n    at AuthService.login (D:\\my projects\\JAVASCRIPT_COURSE\\TYPESCRIPT_WITH_BACK\\ecommerce-backend\\src\\services\\auth.service.ts:97:13)\n    at AuthController.login (D:\\my projects\\JAVASCRIPT_COURSE\\TYPESCRIPT_WITH_BACK\\ecommerce-backend\\src\\controllers\\auth.controller.ts:60:22)\n    at D:\\my projects\\JAVASCRIPT_COURSE\\TYPESCRIPT_WITH_BACK\\ecommerce-backend\\src\\routes\\auth.routes.ts:34:7","statusCode":403,"timestamp":"2025-02-09T22:36:09.484Z"}
{"level":"info","message":"Login attempt for email: oiradukunda63@gmail.com","timestamp":"2025-02-09T22:36:09.709Z"}
{"level":"error","message":"Login error: Account locked due to too many failed attempts","timestamp":"2025-02-09T22:36:09.711Z"}
{"level":"error","message":"Error processing POST /api/auth/login: Account locked due to too many failed attempts","stack":"Error: Account locked due to too many failed attempts\n    at AuthService.login (D:\\my projects\\JAVASCRIPT_COURSE\\TYPESCRIPT_WITH_BACK\\ecommerce-backend\\src\\services\\auth.service.ts:97:13)\n    at AuthController.login (D:\\my projects\\JAVASCRIPT_COURSE\\TYPESCRIPT_WITH_BACK\\ecommerce-backend\\src\\controllers\\auth.controller.ts:60:22)\n    at D:\\my projects\\JAVASCRIPT_COURSE\\TYPESCRIPT_WITH_BACK\\ecommerce-backend\\src\\routes\\auth.routes.ts:34:7","statusCode":403,"timestamp":"2025-02-09T22:36:09.712Z"}
{"level":"info","message":"Registration attempt for email: oiradukunda63@gmail.com","timestamp":"2025-02-09T22:37:33.902Z"}
{"level":"info","message":"New ADMIN registered: oiradukunda63@gmail.com","timestamp":"2025-02-09T22:37:34.016Z"}
{"level":"info","message":"User registered successfully: oiradukunda63@gmail.com","timestamp":"2025-02-09T22:37:34.017Z"}
{"level":"info","message":"Login attempt for email: oiradukunda63@gmail.com","timestamp":"2025-02-09T22:38:00.883Z"}
{"level":"error","message":"Login error: Invalid credentials. 4 attempts remaining","timestamp":"2025-02-09T22:38:00.958Z"}
{"level":"error","message":"Error processing POST /api/auth/login: Invalid credentials. 4 attempts remaining","stack":"Error: Invalid credentials. 4 attempts remaining\n    at AuthService.login (D:\\my projects\\JAVASCRIPT_COURSE\\TYPESCRIPT_WITH_BACK\\ecommerce-backend\\src\\services\\auth.service.ts:110:13)\n    at AuthController.login (D:\\my projects\\JAVASCRIPT_COURSE\\TYPESCRIPT_WITH_BACK\\ecommerce-backend\\src\\controllers\\auth.controller.ts:60:22)\n    at D:\\my projects\\JAVASCRIPT_COURSE\\TYPESCRIPT_WITH_BACK\\ecommerce-backend\\src\\routes\\auth.routes.ts:34:7","statusCode":401,"timestamp":"2025-02-09T22:38:00.959Z"}
{"level":"info","message":"Login attempt for email: oiradukunda63@gmail.com","timestamp":"2025-02-09T22:38:11.471Z"}
{"level":"info","message":"ADMIN logged in: oiradukunda63@gmail.com","timestamp":"2025-02-09T22:38:11.564Z"}
{"level":"info","message":"User logged in successfully: oiradukunda63@gmail.com","timestamp":"2025-02-09T22:38:11.565Z"}
{"level":"info","message":"📡 Connecting to database...","timestamp":"2025-02-10T22:46:04.168Z"}
{"level":"info","message":"Connected to database successfully","timestamp":"2025-02-10T22:46:04.247Z"}
{"level":"info","message":"✅ Database connected successfully","timestamp":"2025-02-10T22:46:04.248Z"}
{"level":"info","message":"\n📥 Received SIGINT. Starting graceful shutdown...","timestamp":"2025-02-10T22:59:04.640Z"}
{"level":"info","message":"📡 Connecting to database...","timestamp":"2025-02-10T22:59:20.703Z"}
{"level":"info","message":"Connected to database successfully","timestamp":"2025-02-10T22:59:20.758Z"}
{"level":"info","message":"✅ Database connected successfully","timestamp":"2025-02-10T22:59:20.759Z"}
{"level":"info","message":"Registration attempt for email: oiradukunda63@gmail.com","timestamp":"2025-02-10T22:59:38.852Z"}
{"code":"ESOCKET","command":"CONN","level":"error","message":"Error sending email: self-signed certificate in certificate chain","stack":"Error: self-signed certificate in certificate chain\n    at TLSSocket.onConnectSecure (node:_tls_wrap:1674:34)\n    at TLSSocket.emit (node:events:518:28)\n    at TLSSocket._finishInit (node:_tls_wrap:1085:8)\n    at TLSWrap.ssl.onhandshakedone (node:_tls_wrap:871:12)","timestamp":"2025-02-10T22:59:40.898Z"}
{"level":"error","message":"Registration error: Failed to send email","timestamp":"2025-02-10T22:59:40.900Z"}
{"level":"error","message":"Error processing POST /api/auth/register: Failed to send email","stack":"Error: Failed to send email\n    at EmailService.sendEmail (D:\\my projects\\JAVASCRIPT_COURSE\\TYPESCRIPT_WITH_BACK\\ecommerce-backend\\src\\services\\email.service.ts:36:13)\n    at processTicksAndRejections (node:internal/process/task_queues:95:5)\n    at AuthService.sendVerificationEmail (D:\\my projects\\JAVASCRIPT_COURSE\\TYPESCRIPT_WITH_BACK\\ecommerce-backend\\src\\services\\auth.service.ts:654:5)\n    at AuthService.register (D:\\my projects\\JAVASCRIPT_COURSE\\TYPESCRIPT_WITH_BACK\\ecommerce-backend\\src\\services\\auth.service.ts:310:5)\n    at AuthController.register (D:\\my projects\\JAVASCRIPT_COURSE\\TYPESCRIPT_WITH_BACK\\ecommerce-backend\\src\\controllers\\auth.controller.ts:151:22)\n    at D:\\my projects\\JAVASCRIPT_COURSE\\TYPESCRIPT_WITH_BACK\\ecommerce-backend\\src\\routes\\auth.routes.ts:83:7","timestamp":"2025-02-10T22:59:40.964Z"}
{"level":"info","message":"\n📥 Received SIGINT. Starting graceful shutdown...","timestamp":"2025-02-10T23:00:06.641Z"}
{"level":"info","message":"📡 Connecting to database...","timestamp":"2025-02-10T23:07:32.797Z"}
{"level":"info","message":"Connected to database successfully","timestamp":"2025-02-10T23:07:32.850Z"}
{"level":"info","message":"✅ Database connected successfully","timestamp":"2025-02-10T23:07:32.850Z"}
{"level":"info","message":"Registration attempt for email: john.doe@example.com","timestamp":"2025-02-10T23:08:44.730Z"}
{"level":"error","message":"Error processing POST /api/auth/logout: Invalid token","stack":"Error: Invalid token\n    at authenticate (D:\\my projects\\JAVASCRIPT_COURSE\\TYPESCRIPT_WITH_BACK\\ecommerce-backend\\src\\middlewares\\auth.middleware.ts:37:10)\n    at Layer.handle [as handle_request] (D:\\my projects\\JAVASCRIPT_COURSE\\TYPESCRIPT_WITH_BACK\\ecommerce-backend\\node_modules\\express\\lib\\router\\layer.js:95:5)\n    at next (D:\\my projects\\JAVASCRIPT_COURSE\\TYPESCRIPT_WITH_BACK\\ecommerce-backend\\node_modules\\express\\lib\\router\\route.js:149:13)\n    at Route.dispatch (D:\\my projects\\JAVASCRIPT_COURSE\\TYPESCRIPT_WITH_BACK\\ecommerce-backend\\node_modules\\express\\lib\\router\\route.js:119:3)\n    at Layer.handle [as handle_request] (D:\\my projects\\JAVASCRIPT_COURSE\\TYPESCRIPT_WITH_BACK\\ecommerce-backend\\node_modules\\express\\lib\\router\\layer.js:95:5)\n    at D:\\my projects\\JAVASCRIPT_COURSE\\TYPESCRIPT_WITH_BACK\\ecommerce-backend\\node_modules\\express\\lib\\router\\index.js:284:15\n    at Function.process_params (D:\\my projects\\JAVASCRIPT_COURSE\\TYPESCRIPT_WITH_BACK\\ecommerce-backend\\node_modules\\express\\lib\\router\\index.js:346:12)\n    at next (D:\\my projects\\JAVASCRIPT_COURSE\\TYPESCRIPT_WITH_BACK\\ecommerce-backend\\node_modules\\express\\lib\\router\\index.js:280:10)\n    at Function.handle (D:\\my projects\\JAVASCRIPT_COURSE\\TYPESCRIPT_WITH_BACK\\ecommerce-backend\\node_modules\\express\\lib\\router\\index.js:175:3)\n    at router (D:\\my projects\\JAVASCRIPT_COURSE\\TYPESCRIPT_WITH_BACK\\ecommerce-backend\\node_modules\\express\\lib\\router\\index.js:47:12)","statusCode":401,"timestamp":"2025-02-10T23:10:56.341Z"}
{"level":"info","message":"Registration attempt for email: john.doe@example.com","timestamp":"2025-02-10T23:14:45.609Z"}
{"level":"info","message":"Registration attempt for email: john.doe@example.com","timestamp":"2025-02-10T23:14:55.378Z"}
{"code":"ESOCKET","command":"CONN","level":"error","message":"Error sending email: self-signed certificate in certificate chain","stack":"Error: self-signed certificate in certificate chain\n    at TLSSocket.onConnectSecure (node:_tls_wrap:1674:34)\n    at TLSSocket.emit (node:events:518:28)\n    at TLSSocket._finishInit (node:_tls_wrap:1085:8)\n    at TLSWrap.ssl.onhandshakedone (node:_tls_wrap:871:12)","timestamp":"2025-02-10T23:14:57.162Z"}
{"level":"error","message":"Registration error: Failed to send email","timestamp":"2025-02-10T23:14:57.164Z"}
{"level":"error","message":"Error processing POST /api/auth/register: Failed to send email","stack":"Error: Failed to send email\n    at EmailService.sendEmail (D:\\my projects\\JAVASCRIPT_COURSE\\TYPESCRIPT_WITH_BACK\\ecommerce-backend\\src\\services\\email.service.ts:36:13)\n    at processTicksAndRejections (node:internal/process/task_queues:95:5)\n    at AuthService.sendVerificationEmail (D:\\my projects\\JAVASCRIPT_COURSE\\TYPESCRIPT_WITH_BACK\\ecommerce-backend\\src\\services\\auth.service.ts:654:5)\n    at AuthService.register (D:\\my projects\\JAVASCRIPT_COURSE\\TYPESCRIPT_WITH_BACK\\ecommerce-backend\\src\\services\\auth.service.ts:310:5)\n    at AuthController.register (D:\\my projects\\JAVASCRIPT_COURSE\\TYPESCRIPT_WITH_BACK\\ecommerce-backend\\src\\controllers\\auth.controller.ts:151:22)\n    at D:\\my projects\\JAVASCRIPT_COURSE\\TYPESCRIPT_WITH_BACK\\ecommerce-backend\\src\\routes\\auth.routes.ts:83:7","timestamp":"2025-02-10T23:14:57.212Z"}
{"level":"info","message":"📡 Connecting to database...","timestamp":"2025-02-10T23:19:13.824Z"}
{"level":"info","message":"Connected to database successfully","timestamp":"2025-02-10T23:19:13.863Z"}
{"level":"info","message":"✅ Database connected successfully","timestamp":"2025-02-10T23:19:13.864Z"}
{"level":"info","message":"📡 Connecting to database...","timestamp":"2025-02-10T23:23:02.323Z"}
{"level":"info","message":"Connected to database successfully","timestamp":"2025-02-10T23:23:02.366Z"}
{"level":"info","message":"✅ Database connected successfully","timestamp":"2025-02-10T23:23:02.367Z"}
{"level":"info","message":"📡 Connecting to database...","timestamp":"2025-02-10T23:23:22.660Z"}
{"level":"info","message":"Connected to database successfully","timestamp":"2025-02-10T23:23:22.717Z"}
{"level":"info","message":"✅ Database connected successfully","timestamp":"2025-02-10T23:23:22.718Z"}
{"level":"info","message":"📡 Connecting to database...","timestamp":"2025-02-10T23:25:53.481Z"}
{"level":"info","message":"Connected to database successfully","timestamp":"2025-02-10T23:25:53.527Z"}
{"level":"info","message":"✅ Database connected successfully","timestamp":"2025-02-10T23:25:53.527Z"}
{"level":"info","message":"📡 Connecting to database...","timestamp":"2025-02-10T23:27:28.922Z"}
{"level":"info","message":"Connected to database successfully","timestamp":"2025-02-10T23:27:28.962Z"}
{"level":"info","message":"✅ Database connected successfully","timestamp":"2025-02-10T23:27:28.963Z"}
{"level":"info","message":"\n📥 Received SIGINT. Starting graceful shutdown...","timestamp":"2025-02-10T23:28:11.273Z"}
{"level":"info","message":"📡 Connecting to database...","timestamp":"2025-02-10T23:28:22.232Z"}
{"level":"info","message":"Connected to database successfully","timestamp":"2025-02-10T23:28:22.270Z"}
{"level":"info","message":"✅ Database connected successfully","timestamp":"2025-02-10T23:28:22.271Z"}
{"level":"info","message":"Registration attempt for email: oiradukunda63@gmail.com","timestamp":"2025-02-10T23:29:23.956Z"}
{"email":"oiradukunda63@gmail.com","error":"Email already exists","level":"error","message":"Registration error:","stack":"Error: Email already exists\n    at AuthService.register (D:\\my projects\\JAVASCRIPT_COURSE\\TYPESCRIPT_WITH_BACK\\ecommerce-backend\\src\\services\\auth.service.ts:363:15)\n    at AuthController.register (D:\\my projects\\JAVASCRIPT_COURSE\\TYPESCRIPT_WITH_BACK\\ecommerce-backend\\src\\controllers\\auth.controller.ts:151:22)\n    at D:\\my projects\\JAVASCRIPT_COURSE\\TYPESCRIPT_WITH_BACK\\ecommerce-backend\\src\\routes\\auth.routes.ts:83:7","timestamp":"2025-02-10T23:29:24.029Z"}
{"level":"info","message":"\n📥 Received SIGINT. Starting graceful shutdown...","timestamp":"2025-02-10T23:31:22.817Z"}
{"level":"info","message":"📡 Connecting to database...","timestamp":"2025-02-10T23:31:32.826Z"}
{"level":"info","message":"Connected to database successfully","timestamp":"2025-02-10T23:31:32.871Z"}
{"level":"info","message":"✅ Database connected successfully","timestamp":"2025-02-10T23:31:32.872Z"}
{"level":"info","message":"Registration attempt for email: oiradukunda63@gmail.com","timestamp":"2025-02-10T23:31:54.893Z"}
{"code":"ESOCKET","command":"CONN","level":"error","message":"Error sending email: self-signed certificate in certificate chain","stack":"Error: self-signed certificate in certificate chain\n    at TLSSocket.onConnectSecure (node:_tls_wrap:1674:34)\n    at TLSSocket.emit (node:events:518:28)\n    at TLSSocket._finishInit (node:_tls_wrap:1085:8)\n    at TLSWrap.ssl.onhandshakedone (node:_tls_wrap:871:12)","timestamp":"2025-02-10T23:32:03.819Z"}
{"level":"error","message":"Failed to send verification email: Failed to send email","stack":"Error: Failed to send email\n    at EmailService.sendEmail (D:\\my projects\\JAVASCRIPT_COURSE\\TYPESCRIPT_WITH_BACK\\ecommerce-backend\\src\\services\\email.service.ts:76:13)\n    at processTicksAndRejections (node:internal/process/task_queues:95:5)\n    at AuthService.sendVerificationEmail (D:\\my projects\\JAVASCRIPT_COURSE\\TYPESCRIPT_WITH_BACK\\ecommerce-backend\\src\\services\\auth.service.ts:783:5)\n    at AuthService.register (D:\\my projects\\JAVASCRIPT_COURSE\\TYPESCRIPT_WITH_BACK\\ecommerce-backend\\src\\services\\auth.service.ts:403:11)\n    at AuthController.register (D:\\my projects\\JAVASCRIPT_COURSE\\TYPESCRIPT_WITH_BACK\\ecommerce-backend\\src\\controllers\\auth.controller.ts:151:22)\n    at D:\\my projects\\JAVASCRIPT_COURSE\\TYPESCRIPT_WITH_BACK\\ecommerce-backend\\src\\routes\\auth.routes.ts:83:7","timestamp":"2025-02-10T23:32:03.871Z"}
{"isEmailVerified":false,"level":"info","message":"New CUSTOMER registered: oiradukunda63@gmail.com","timestamp":"2025-02-10T23:32:03.880Z","userId":"a029b99b-c6c5-4b55-af6f-1692a00e4c3a"}
{"level":"info","message":"User registered successfully: oiradukunda63@gmail.com","timestamp":"2025-02-10T23:32:03.882Z"}
{"level":"info","message":"Login attempt for email: oiradukunda63@gmail.com","timestamp":"2025-02-10T23:34:29.890Z"}
{"0":{"code":"invalid_type","expected":"string","message":"Required","path":["token"],"received":"undefined"},"level":"warn","message":"Validation failed for GET /verify-email/eyJhbGciOiJIUzI1NiIsInR5cCI6IkpXVCJ9.eyJpZCI6ImEwMjliOTliLWM2YzUtNGI1NS1hZjZmLTE2OTJhMDBlNGMzYSIsImVtYWlsIjoib2lyYWR1a3VuZGE2M0BnbWFpbC5jb20iLCJyb2xlIjoiQ1VTVE9NRVIiLCJpYXQiOjE3MzkyMzAzMjMsImV4cCI6MTczOTMxNjcyM30.vNIfY7HJ6dlKDOgodE84gkl6GywLJicTeHOCuhPT6V8","timestamp":"2025-02-10T23:35:50.354Z"}
{"0":{"code":"invalid_type","expected":"string","message":"Required","path":["token"],"received":"undefined"},"level":"warn","message":"Validation failed for GET /verify-email/eyJhbGciOiJIUzI1NiIsInR5cCI6IkpXVCJ9.eyJpZCI6ImEwMjliOTliLWM2YzUtNGI1NS1hZjZmLTE2OTJhMDBlNGMzYSIsImVtYWlsIjoib2lyYWR1a3VuZGE2M0BnbWFpbC5jb20iLCJyb2xlIjoiQ1VTVE9NRVIiLCJpYXQiOjE3MzkyMzAzMjMsImV4cCI6MTczOTMxNjcyM30.vNIfY7HJ6dlKDOgodE84gkl6GywLJicTeHOCuhPT6V8","timestamp":"2025-02-10T23:36:42.851Z"}
{"code":"ESOCKET","command":"CONN","level":"error","message":"Error sending email: self-signed certificate in certificate chain","stack":"Error: self-signed certificate in certificate chain\n    at TLSSocket.onConnectSecure (node:_tls_wrap:1674:34)\n    at TLSSocket.emit (node:events:518:28)\n    at TLSSocket._finishInit (node:_tls_wrap:1085:8)\n    at TLSWrap.ssl.onhandshakedone (node:_tls_wrap:871:12)","timestamp":"2025-02-10T23:39:47.677Z"}
{"level":"info","message":"📡 Connecting to database...","timestamp":"2025-02-10T23:47:01.266Z"}
{"level":"info","message":"Connected to database successfully","timestamp":"2025-02-10T23:47:01.312Z"}
{"level":"info","message":"✅ Database connected successfully","timestamp":"2025-02-10T23:47:01.313Z"}
{"level":"info","message":"Registration attempt for email: john.doe@example.com","timestamp":"2025-02-10T23:47:37.633Z"}
{"code":"ESOCKET","command":"CONN","level":"error","message":"Error sending email: self-signed certificate in certificate chain","stack":"Error: self-signed certificate in certificate chain\n    at TLSSocket.onConnectSecure (node:_tls_wrap:1674:34)\n    at TLSSocket.emit (node:events:518:28)\n    at TLSSocket._finishInit (node:_tls_wrap:1085:8)\n    at TLSWrap.ssl.onhandshakedone (node:_tls_wrap:871:12)","timestamp":"2025-02-10T23:47:39.544Z"}
{"level":"error","message":"Failed to send verification email: Failed to send email","stack":"Error: Failed to send email\n    at EmailService.sendEmail (D:\\my projects\\JAVASCRIPT_COURSE\\TYPESCRIPT_WITH_BACK\\ecommerce-backend\\src\\services\\email.service.ts:76:13)\n    at processTicksAndRejections (node:internal/process/task_queues:95:5)\n    at AuthService.sendVerificationEmail (D:\\my projects\\JAVASCRIPT_COURSE\\TYPESCRIPT_WITH_BACK\\ecommerce-backend\\src\\services\\auth.service.ts:783:5)\n    at AuthService.register (D:\\my projects\\JAVASCRIPT_COURSE\\TYPESCRIPT_WITH_BACK\\ecommerce-backend\\src\\services\\auth.service.ts:403:11)\n    at AuthController.register (D:\\my projects\\JAVASCRIPT_COURSE\\TYPESCRIPT_WITH_BACK\\ecommerce-backend\\src\\controllers\\auth.controller.ts:151:22)\n    at D:\\my projects\\JAVASCRIPT_COURSE\\TYPESCRIPT_WITH_BACK\\ecommerce-backend\\src\\routes\\auth.routes.ts:83:7","timestamp":"2025-02-10T23:47:39.581Z"}
{"isEmailVerified":false,"level":"info","message":"New CUSTOMER registered: john.doe@example.com","timestamp":"2025-02-10T23:47:39.591Z","userId":"4c270282-556a-484f-befb-c340e2b430da"}
{"level":"info","message":"User registered successfully: john.doe@example.com","timestamp":"2025-02-10T23:47:39.592Z"}
{"level":"info","message":"Registration attempt for email: oiradukunda63@gmail.com","timestamp":"2025-02-10T23:50:27.495Z"}
{"code":"ESOCKET","command":"CONN","level":"error","message":"Error sending email: self-signed certificate in certificate chain","stack":"Error: self-signed certificate in certificate chain\n    at TLSSocket.onConnectSecure (node:_tls_wrap:1674:34)\n    at TLSSocket.emit (node:events:518:28)\n    at TLSSocket._finishInit (node:_tls_wrap:1085:8)\n    at TLSWrap.ssl.onhandshakedone (node:_tls_wrap:871:12)","timestamp":"2025-02-10T23:50:30.631Z"}
{"level":"error","message":"Failed to send verification email: Failed to send email","stack":"Error: Failed to send email\n    at EmailService.sendEmail (D:\\my projects\\JAVASCRIPT_COURSE\\TYPESCRIPT_WITH_BACK\\ecommerce-backend\\src\\services\\email.service.ts:76:13)\n    at processTicksAndRejections (node:internal/process/task_queues:95:5)\n    at AuthService.sendVerificationEmail (D:\\my projects\\JAVASCRIPT_COURSE\\TYPESCRIPT_WITH_BACK\\ecommerce-backend\\src\\services\\auth.service.ts:783:5)\n    at AuthService.register (D:\\my projects\\JAVASCRIPT_COURSE\\TYPESCRIPT_WITH_BACK\\ecommerce-backend\\src\\services\\auth.service.ts:403:11)\n    at AuthController.register (D:\\my projects\\JAVASCRIPT_COURSE\\TYPESCRIPT_WITH_BACK\\ecommerce-backend\\src\\controllers\\auth.controller.ts:151:22)\n    at D:\\my projects\\JAVASCRIPT_COURSE\\TYPESCRIPT_WITH_BACK\\ecommerce-backend\\src\\routes\\auth.routes.ts:83:7","timestamp":"2025-02-10T23:50:30.634Z"}
{"isEmailVerified":false,"level":"info","message":"New CUSTOMER registered: oiradukunda63@gmail.com","timestamp":"2025-02-10T23:50:30.638Z","userId":"a87d82a4-39b7-4f8a-96d1-758e2311b30d"}
{"level":"info","message":"User registered successfully: oiradukunda63@gmail.com","timestamp":"2025-02-10T23:50:30.639Z"}
{"0":{"code":"invalid_type","expected":"string","message":"Required","path":["token"],"received":"undefined"},"level":"warn","message":"Validation failed for GET /verify-email/eyJhbGciOiJIUzI1NiIsInR5cCI6IkpXVCJ9.eyJpZCI6ImE4N2Q4MmE0LTM5YjctNGY4YS05NmQxLTc1OGUyMzExYjMwZCIsImVtYWlsIjoib2lyYWR1a3VuZGE2M0BnbWFpbC5jb20iLCJyb2xlIjoiQ1VTVE9NRVIiLCJpYXQiOjE3MzkyMzE0MzAsImV4cCI6MTczOTMxNzgzMH0.QBLckv7EkeFjiw6w6Yay_PiCtQng2UiayKNby0EBVRQ","timestamp":"2025-02-10T23:51:51.669Z"}
{"0":{"code":"invalid_string","message":"Invalid email format","path":["email"],"validation":"email"},"level":"warn","message":"Validation failed for POST /login","timestamp":"2025-02-10T23:52:50.369Z"}
{"level":"info","message":"Login attempt for email: oiradukunda63@gmail.com","timestamp":"2025-02-10T23:53:10.883Z"}
{"level":"error","message":"Error processing POST /api/auth/change-password: Invalid token","stack":"Error: Invalid token\n    at authenticate (D:\\my projects\\JAVASCRIPT_COURSE\\TYPESCRIPT_WITH_BACK\\ecommerce-backend\\src\\middlewares\\auth.middleware.ts:37:10)\n    at Layer.handle [as handle_request] (D:\\my projects\\JAVASCRIPT_COURSE\\TYPESCRIPT_WITH_BACK\\ecommerce-backend\\node_modules\\express\\lib\\router\\layer.js:95:5)\n    at next (D:\\my projects\\JAVASCRIPT_COURSE\\TYPESCRIPT_WITH_BACK\\ecommerce-backend\\node_modules\\express\\lib\\router\\route.js:149:13)\n    at Route.dispatch (D:\\my projects\\JAVASCRIPT_COURSE\\TYPESCRIPT_WITH_BACK\\ecommerce-backend\\node_modules\\express\\lib\\router\\route.js:119:3)\n    at Layer.handle [as handle_request] (D:\\my projects\\JAVASCRIPT_COURSE\\TYPESCRIPT_WITH_BACK\\ecommerce-backend\\node_modules\\express\\lib\\router\\layer.js:95:5)\n    at D:\\my projects\\JAVASCRIPT_COURSE\\TYPESCRIPT_WITH_BACK\\ecommerce-backend\\node_modules\\express\\lib\\router\\index.js:284:15\n    at Function.process_params (D:\\my projects\\JAVASCRIPT_COURSE\\TYPESCRIPT_WITH_BACK\\ecommerce-backend\\node_modules\\express\\lib\\router\\index.js:346:12)\n    at next (D:\\my projects\\JAVASCRIPT_COURSE\\TYPESCRIPT_WITH_BACK\\ecommerce-backend\\node_modules\\express\\lib\\router\\index.js:280:10)\n    at Function.handle (D:\\my projects\\JAVASCRIPT_COURSE\\TYPESCRIPT_WITH_BACK\\ecommerce-backend\\node_modules\\express\\lib\\router\\index.js:175:3)\n    at router (D:\\my projects\\JAVASCRIPT_COURSE\\TYPESCRIPT_WITH_BACK\\ecommerce-backend\\node_modules\\express\\lib\\router\\index.js:47:12)","statusCode":401,"timestamp":"2025-02-10T23:53:57.871Z"}
{"level":"info","message":"Password changed for user: oiradukunda63@gmail.com","timestamp":"2025-02-10T23:54:40.915Z"}
{"level":"info","message":"📡 Connecting to database...","timestamp":"2025-02-10T23:59:43.039Z"}
{"level":"info","message":"Connected to database successfully","timestamp":"2025-02-10T23:59:43.075Z"}
{"level":"info","message":"✅ Database connected successfully","timestamp":"2025-02-10T23:59:43.075Z"}
{"level":"info","message":"📡 Connecting to database...","timestamp":"2025-02-11T00:01:33.301Z"}
{"level":"info","message":"Connected to database successfully","timestamp":"2025-02-11T00:01:33.341Z"}
{"level":"info","message":"✅ Database connected successfully","timestamp":"2025-02-11T00:01:33.342Z"}
{"level":"info","message":"📡 Connecting to database...","timestamp":"2025-02-11T00:04:41.762Z"}
{"level":"info","message":"Connected to database successfully","timestamp":"2025-02-11T00:04:41.805Z"}
{"level":"info","message":"✅ Database connected successfully","timestamp":"2025-02-11T00:04:41.806Z"}
{"level":"info","message":"📡 Connecting to database...","timestamp":"2025-02-11T00:05:15.954Z"}
{"level":"info","message":"Connected to database successfully","timestamp":"2025-02-11T00:05:16.111Z"}
{"level":"info","message":"✅ Database connected successfully","timestamp":"2025-02-11T00:05:16.112Z"}
{"level":"info","message":"📡 Connecting to database...","timestamp":"2025-02-11T00:07:43.876Z"}
{"level":"info","message":"Connected to database successfully","timestamp":"2025-02-11T00:07:43.917Z"}
{"level":"info","message":"✅ Database connected successfully","timestamp":"2025-02-11T00:07:43.917Z"}
{"level":"info","message":"📡 Connecting to database...","timestamp":"2025-02-11T00:08:51.462Z"}
{"level":"info","message":"Connected to database successfully","timestamp":"2025-02-11T00:08:51.510Z"}
{"level":"info","message":"✅ Database connected successfully","timestamp":"2025-02-11T00:08:51.510Z"}
{"level":"info","message":"📡 Connecting to database...","timestamp":"2025-02-11T00:08:59.803Z"}
{"level":"info","message":"Connected to database successfully","timestamp":"2025-02-11T00:08:59.853Z"}
{"level":"info","message":"✅ Database connected successfully","timestamp":"2025-02-11T00:08:59.854Z"}
{"level":"info","message":"📡 Connecting to database...","timestamp":"2025-02-11T00:11:34.557Z"}
{"level":"info","message":"Connected to database successfully","timestamp":"2025-02-11T00:11:34.620Z"}
{"level":"info","message":"✅ Database connected successfully","timestamp":"2025-02-11T00:11:34.621Z"}
{"level":"info","message":"📡 Connecting to database...","timestamp":"2025-02-11T00:17:09.120Z"}
{"level":"info","message":"Connected to database successfully","timestamp":"2025-02-11T00:17:09.164Z"}
{"level":"info","message":"✅ Database connected successfully","timestamp":"2025-02-11T00:17:09.165Z"}
{"level":"info","message":"\n📥 Received SIGINT. Starting graceful shutdown...","timestamp":"2025-02-11T00:23:43.021Z"}
